<?xml version="1.0" encoding="UTF-8"?>
<testng-results skipped="0" failed="1" total="4" passed="3">
  <reporter-output>
  </reporter-output>
  <suite name="Suite" duration-ms="178640" started-at="2017-01-31T12:22:22Z" finished-at="2017-01-31T12:25:20Z">
    <groups>
    </groups>
    <test name="Test" duration-ms="178640" started-at="2017-01-31T12:22:22Z" finished-at="2017-01-31T12:25:20Z">
      <class name="testScripts.DBATestScript">
        <test-method status="PASS" signature="LaunchBrowserwithURL()[pri:0, instance:testScripts.DBATestScript@2ff4f00f]" name="LaunchBrowserwithURL" is-config="true" duration-ms="13310" started-at="2017-01-31T17:52:22Z" finished-at="2017-01-31T17:52:35Z">
          <reporter-output>
          </reporter-output>
        </test-method> <!-- LaunchBrowserwithURL -->
        <test-method status="PASS" signature="DBACreate_TestIDLater()[pri:0, instance:testScripts.DBATestScript@2ff4f00f]" name="DBACreate_TestIDLater" duration-ms="38011" started-at="2017-01-31T17:52:35Z" finished-at="2017-01-31T17:53:13Z">
          <reporter-output>
          </reporter-output>
        </test-method> <!-- DBACreate_TestIDLater -->
        <test-method status="PASS" signature="CloseBrowser()[pri:0, instance:testScripts.DBATestScript@2ff4f00f]" name="CloseBrowser" is-config="true" duration-ms="1354" started-at="2017-01-31T17:53:13Z" finished-at="2017-01-31T17:53:14Z">
          <reporter-output>
          </reporter-output>
        </test-method> <!-- CloseBrowser -->
        <test-method status="PASS" signature="LaunchBrowserwithURL()[pri:0, instance:testScripts.DBATestScript@2ff4f00f]" name="LaunchBrowserwithURL" is-config="true" duration-ms="6752" started-at="2017-01-31T17:53:14Z" finished-at="2017-01-31T17:53:21Z">
          <reporter-output>
          </reporter-output>
        </test-method> <!-- LaunchBrowserwithURL -->
        <test-method status="PASS" signature="DBACreate_TestIDNow()[pri:0, instance:testScripts.DBATestScript@2ff4f00f]" name="DBACreate_TestIDNow" duration-ms="35648" started-at="2017-01-31T17:53:21Z" finished-at="2017-01-31T17:53:57Z">
          <reporter-output>
          </reporter-output>
        </test-method> <!-- DBACreate_TestIDNow -->
        <test-method status="PASS" signature="CloseBrowser()[pri:0, instance:testScripts.DBATestScript@2ff4f00f]" name="CloseBrowser" is-config="true" duration-ms="873" started-at="2017-01-31T17:53:57Z" finished-at="2017-01-31T17:53:58Z">
          <reporter-output>
          </reporter-output>
        </test-method> <!-- CloseBrowser -->
      </class> <!-- testScripts.DBATestScript -->
      <class name="testScripts.WebActivityTestScript">
        <test-method status="PASS" signature="LaunchBrowserwithURL()[pri:0, instance:testScripts.WebActivityTestScript@47f37ef1]" name="LaunchBrowserwithURL" is-config="true" duration-ms="8605" started-at="2017-01-31T17:53:58Z" finished-at="2017-01-31T17:54:06Z">
          <reporter-output>
          </reporter-output>
        </test-method> <!-- LaunchBrowserwithURL -->
        <test-method status="FAIL" signature="WebActivityCreateNew_Fail()[pri:0, instance:testScripts.WebActivityTestScript@47f37ef1]" name="WebActivityCreateNew_Fail" duration-ms="30793" started-at="2017-01-31T17:54:06Z" finished-at="2017-01-31T17:54:37Z">
          <exception class="org.openqa.selenium.UnhandledAlertException">
            <message>
              <![CDATA[unexpected alert open: {Alert text : Start date should be after current date and time}
  (Session info: chrome=55.0.2883.87)
  (Driver info: chromedriver=2.27.440174 (e97a722caafc2d3a8b807ee115bfb307f7d2cfd9),platform=Windows NT 6.1.7601 SP1 x86_64) (WARNING: The server did not provide any stacktrace information)
Command duration or timeout: 191 milliseconds: null
Build info: version: 'unknown', revision: '1969d75', time: '2016-10-18 09:43:45 -0700'
System info: host: 'TRICONNODE109', ip: '192.168.1.54', os.name: 'Windows 7', os.arch: 'amd64', os.version: '6.1', java.version: '1.8.0_111'
Driver info: org.openqa.selenium.chrome.ChromeDriver
Capabilities [{applicationCacheEnabled=false, rotatable=false, mobileEmulationEnabled=false, networkConnectionEnabled=false, chrome={chromedriverVersion=2.27.440174 (e97a722caafc2d3a8b807ee115bfb307f7d2cfd9), userDataDir=C:\Users\mahadev\AppData\Local\Temp\scoped_dir8760_23241}, takesHeapSnapshot=true, pageLoadStrategy=normal, databaseEnabled=false, handlesAlerts=true, hasTouchScreen=false, version=55.0.2883.87, platform=XP, browserConnectionEnabled=false, nativeEvents=true, acceptSslCerts=true, locationContextEnabled=true, webStorageEnabled=true, browserName=chrome, takesScreenshot=true, javascriptEnabled=true, cssSelectorsEnabled=true, unexpectedAlertBehaviour=}]
Session ID: 6e298b826012fa2ca4e607bdb5929f47
*** Element info: {Using=xpath, value=.//*[@id='headerStripe']/div/ul/li[4]/a}]]>
            </message>
            <full-stacktrace>
              <![CDATA[org.openqa.selenium.UnhandledAlertException: unexpected alert open: {Alert text : Start date should be after current date and time}
  (Session info: chrome=55.0.2883.87)
  (Driver info: chromedriver=2.27.440174 (e97a722caafc2d3a8b807ee115bfb307f7d2cfd9),platform=Windows NT 6.1.7601 SP1 x86_64) (WARNING: The server did not provide any stacktrace information)
Command duration or timeout: 191 milliseconds: null
Build info: version: 'unknown', revision: '1969d75', time: '2016-10-18 09:43:45 -0700'
System info: host: 'TRICONNODE109', ip: '192.168.1.54', os.name: 'Windows 7', os.arch: 'amd64', os.version: '6.1', java.version: '1.8.0_111'
Driver info: org.openqa.selenium.chrome.ChromeDriver
Capabilities [{applicationCacheEnabled=false, rotatable=false, mobileEmulationEnabled=false, networkConnectionEnabled=false, chrome={chromedriverVersion=2.27.440174 (e97a722caafc2d3a8b807ee115bfb307f7d2cfd9), userDataDir=C:\Users\mahadev\AppData\Local\Temp\scoped_dir8760_23241}, takesHeapSnapshot=true, pageLoadStrategy=normal, databaseEnabled=false, handlesAlerts=true, hasTouchScreen=false, version=55.0.2883.87, platform=XP, browserConnectionEnabled=false, nativeEvents=true, acceptSslCerts=true, locationContextEnabled=true, webStorageEnabled=true, browserName=chrome, takesScreenshot=true, javascriptEnabled=true, cssSelectorsEnabled=true, unexpectedAlertBehaviour=}]
Session ID: 6e298b826012fa2ca4e607bdb5929f47
*** Element info: {Using=xpath, value=.//*[@id='headerStripe']/div/ul/li[4]/a}
	at sun.reflect.NativeConstructorAccessorImpl.newInstance0(Native Method)
	at sun.reflect.NativeConstructorAccessorImpl.newInstance(Unknown Source)
	at sun.reflect.DelegatingConstructorAccessorImpl.newInstance(Unknown Source)
	at java.lang.reflect.Constructor.newInstance(Unknown Source)
	at org.openqa.selenium.remote.ErrorHandler.createThrowable(ErrorHandler.java:216)
	at org.openqa.selenium.remote.ErrorHandler.throwIfResponseFailed(ErrorHandler.java:174)
	at org.openqa.selenium.remote.RemoteWebDriver.execute(RemoteWebDriver.java:635)
	at org.openqa.selenium.remote.RemoteWebDriver.findElement(RemoteWebDriver.java:368)
	at org.openqa.selenium.remote.RemoteWebDriver.findElementByXPath(RemoteWebDriver.java:473)
	at org.openqa.selenium.By$ByXPath.findElement(By.java:361)
	at org.openqa.selenium.remote.RemoteWebDriver.findElement(RemoteWebDriver.java:360)
	at org.openqa.selenium.support.pagefactory.DefaultElementLocator.findElement(DefaultElementLocator.java:69)
	at org.openqa.selenium.support.pagefactory.internal.LocatingElementHandler.invoke(LocatingElementHandler.java:38)
	at com.sun.proxy.$Proxy7.click(Unknown Source)
	at objectRepo.LogoutPage.ClickonLogoutButton(LogoutPage.java:21)
	at testScripts.WebActivityTestScript.WebActivityCreateNew_Fail(WebActivityTestScript.java:65)
	at sun.reflect.NativeMethodAccessorImpl.invoke0(Native Method)
	at sun.reflect.NativeMethodAccessorImpl.invoke(Unknown Source)
	at sun.reflect.DelegatingMethodAccessorImpl.invoke(Unknown Source)
	at java.lang.reflect.Method.invoke(Unknown Source)
	at org.testng.internal.MethodInvocationHelper.invokeMethod(MethodInvocationHelper.java:84)
	at org.testng.internal.Invoker.invokeMethod(Invoker.java:714)
	at org.testng.internal.Invoker.invokeTestMethod(Invoker.java:901)
	at org.testng.internal.Invoker.invokeTestMethods(Invoker.java:1231)
	at org.testng.internal.TestMethodWorker.invokeTestMethods(TestMethodWorker.java:127)
	at org.testng.internal.TestMethodWorker.run(TestMethodWorker.java:111)
	at org.testng.TestRunner.privateRun(TestRunner.java:767)
	at org.testng.TestRunner.run(TestRunner.java:617)
	at org.testng.SuiteRunner.runTest(SuiteRunner.java:334)
	at org.testng.SuiteRunner.runSequentially(SuiteRunner.java:329)
	at org.testng.SuiteRunner.privateRun(SuiteRunner.java:291)
	at org.testng.SuiteRunner.run(SuiteRunner.java:240)
	at org.testng.SuiteRunnerWorker.runSuite(SuiteRunnerWorker.java:52)
	at org.testng.SuiteRunnerWorker.run(SuiteRunnerWorker.java:86)
	at org.testng.TestNG.runSuitesSequentially(TestNG.java:1224)
	at org.testng.TestNG.runSuitesLocally(TestNG.java:1149)
	at org.testng.TestNG.run(TestNG.java:1057)
	at org.testng.TestNG.privateMain(TestNG.java:1364)
	at org.testng.TestNG.main(TestNG.java:1333)
]]>
            </full-stacktrace>
          </exception> <!-- org.openqa.selenium.UnhandledAlertException -->
          <reporter-output>
          </reporter-output>
        </test-method> <!-- WebActivityCreateNew_Fail -->
        <test-method status="PASS" signature="CloseBrowser()[pri:0, instance:testScripts.WebActivityTestScript@47f37ef1]" name="CloseBrowser" is-config="true" duration-ms="886" started-at="2017-01-31T17:54:37Z" finished-at="2017-01-31T17:54:38Z">
          <reporter-output>
          </reporter-output>
        </test-method> <!-- CloseBrowser -->
        <test-method status="PASS" signature="LaunchBrowserwithURL()[pri:0, instance:testScripts.WebActivityTestScript@47f37ef1]" name="LaunchBrowserwithURL" is-config="true" duration-ms="7608" started-at="2017-01-31T17:54:38Z" finished-at="2017-01-31T17:54:46Z">
          <reporter-output>
          </reporter-output>
        </test-method> <!-- LaunchBrowserwithURL -->
        <test-method status="PASS" signature="WebActivityCreateNew_Pass()[pri:0, instance:testScripts.WebActivityTestScript@47f37ef1]" name="WebActivityCreateNew_Pass" duration-ms="33803" started-at="2017-01-31T17:54:46Z" finished-at="2017-01-31T17:55:19Z">
          <reporter-output>
          </reporter-output>
        </test-method> <!-- WebActivityCreateNew_Pass -->
        <test-method status="PASS" signature="CloseBrowser()[pri:0, instance:testScripts.WebActivityTestScript@47f37ef1]" name="CloseBrowser" is-config="true" duration-ms="981" started-at="2017-01-31T17:55:19Z" finished-at="2017-01-31T17:55:20Z">
          <reporter-output>
          </reporter-output>
        </test-method> <!-- CloseBrowser -->
      </class> <!-- testScripts.WebActivityTestScript -->
    </test> <!-- Test -->
  </suite> <!-- Suite -->
</testng-results>
