<?xml version="1.0" encoding="UTF-8"?>
<testng-results skipped="0" failed="0" ignored="0" total="1" passed="1">
  <reporter-output>
  </reporter-output>
  <suite name="Default suite" duration-ms="79106" started-at="2017-02-14T08:50:12Z" finished-at="2017-02-14T08:51:31Z">
    <groups>
    </groups>
    <test name="Default test" duration-ms="79106" started-at="2017-02-14T08:50:12Z" finished-at="2017-02-14T08:51:31Z">
      <class name="testScripts.GroupTestScript">
        <test-method status="PASS" signature="LaunchBrowserwithURL()[pri:0, instance:testScripts.GroupTestScript@5b87ed94]" name="LaunchBrowserwithURL" is-config="true" duration-ms="10116" started-at="2017-02-14T14:20:12Z" finished-at="2017-02-14T14:20:22Z">
          <reporter-output>
          </reporter-output>
        </test-method> <!-- LaunchBrowserwithURL -->
        <test-method status="PASS" signature="GroupCreateNew_Pass()[pri:0, instance:testScripts.GroupTestScript@5b87ed94]" name="GroupCreateNew_Pass" duration-ms="67919" started-at="2017-02-14T14:20:22Z" finished-at="2017-02-14T14:21:30Z">
          <reporter-output>
          </reporter-output>
        </test-method> <!-- GroupCreateNew_Pass -->
        <test-method status="PASS" signature="CloseBrowser()[pri:0, instance:testScripts.GroupTestScript@5b87ed94]" name="CloseBrowser" is-config="true" duration-ms="1069" started-at="2017-02-14T14:21:30Z" finished-at="2017-02-14T14:21:31Z">
          <reporter-output>
          </reporter-output>
        </test-method> <!-- CloseBrowser -->
      </class> <!-- testScripts.GroupTestScript -->
    </test> <!-- Default test -->
  </suite> <!-- Default suite -->
</testng-results>
