<?xml version="1.0" encoding="UTF-8"?>
<testng-results skipped="3" failed="0" total="4" passed="1">
  <reporter-output>
  </reporter-output>
  <suite name="Suite" duration-ms="478813" started-at="2017-02-02T13:44:47Z" finished-at="2017-02-02T13:52:45Z">
    <groups>
    </groups>
    <test name="Test" duration-ms="478813" started-at="2017-02-02T13:44:47Z" finished-at="2017-02-02T13:52:45Z">
      <class name="testScripts.DBATestScript">
        <test-method status="PASS" signature="LaunchBrowserwithURL()[pri:0, instance:testScripts.DBATestScript@ea4a92b]" name="LaunchBrowserwithURL" is-config="true" duration-ms="284685" started-at="2017-02-02T19:14:47Z" finished-at="2017-02-02T19:19:31Z">
          <reporter-output>
          </reporter-output>
        </test-method> <!-- LaunchBrowserwithURL -->
        <test-method status="PASS" signature="DBACreate_TestIDLater()[pri:0, instance:testScripts.DBATestScript@ea4a92b]" name="DBACreate_TestIDLater" duration-ms="193220" started-at="2017-02-02T19:19:31Z" finished-at="2017-02-02T19:22:45Z">
          <reporter-output>
          </reporter-output>
        </test-method> <!-- DBACreate_TestIDLater -->
        <test-method status="FAIL" signature="CloseBrowser()[pri:0, instance:testScripts.DBATestScript@ea4a92b]" name="CloseBrowser" is-config="true" duration-ms="0" started-at="2017-02-02T19:22:45Z" finished-at="2017-02-02T19:22:45Z">
          <exception class="org.openqa.selenium.remote.UnreachableBrowserException">
            <message>
              <![CDATA[Error communicating with the remote browser. It may have died.
Build info: version: 'unknown', revision: '1969d75', time: '2016-10-18 09:43:45 -0700'
System info: host: 'TRICONNODE109', ip: '192.168.1.54', os.name: 'Windows 7', os.arch: 'amd64', os.version: '6.1', java.version: '1.8.0_91'
Driver info: driver.version: RemoteWebDriver
Capabilities [{applicationCacheEnabled=false, rotatable=false, mobileEmulationEnabled=false, networkConnectionEnabled=false, chrome={chromedriverVersion=2.27.440174 (e97a722caafc2d3a8b807ee115bfb307f7d2cfd9), userDataDir=C:\Windows\TEMP\scoped_dir10068_8013}, takesHeapSnapshot=true, pageLoadStrategy=normal, databaseEnabled=false, handlesAlerts=true, hasTouchScreen=false, version=55.0.2883.87, platform=XP, browserConnectionEnabled=false, nativeEvents=true, acceptSslCerts=true, locationContextEnabled=true, webStorageEnabled=true, browserName=chrome, takesScreenshot=true, javascriptEnabled=true, cssSelectorsEnabled=true, unexpectedAlertBehaviour=}]
Session ID: e28a3d1730472e91921f4f3a502a549c]]>
            </message>
            <full-stacktrace>
              <![CDATA[org.openqa.selenium.remote.UnreachableBrowserException: Error communicating with the remote browser. It may have died.
Build info: version: 'unknown', revision: '1969d75', time: '2016-10-18 09:43:45 -0700'
System info: host: 'TRICONNODE109', ip: '192.168.1.54', os.name: 'Windows 7', os.arch: 'amd64', os.version: '6.1', java.version: '1.8.0_91'
Driver info: driver.version: RemoteWebDriver
Capabilities [{applicationCacheEnabled=false, rotatable=false, mobileEmulationEnabled=false, networkConnectionEnabled=false, chrome={chromedriverVersion=2.27.440174 (e97a722caafc2d3a8b807ee115bfb307f7d2cfd9), userDataDir=C:\Windows\TEMP\scoped_dir10068_8013}, takesHeapSnapshot=true, pageLoadStrategy=normal, databaseEnabled=false, handlesAlerts=true, hasTouchScreen=false, version=55.0.2883.87, platform=XP, browserConnectionEnabled=false, nativeEvents=true, acceptSslCerts=true, locationContextEnabled=true, webStorageEnabled=true, browserName=chrome, takesScreenshot=true, javascriptEnabled=true, cssSelectorsEnabled=true, unexpectedAlertBehaviour=}]
Session ID: e28a3d1730472e91921f4f3a502a549c
	at org.openqa.selenium.remote.RemoteWebDriver.execute(RemoteWebDriver.java:622)
	at org.openqa.selenium.remote.RemoteWebDriver.execute(RemoteWebDriver.java:658)
	at org.openqa.selenium.remote.RemoteWebDriver.quit(RemoteWebDriver.java:497)
	at base.ConnectBaseSetup.CloseBrowser(ConnectBaseSetup.java:114)
	at sun.reflect.NativeMethodAccessorImpl.invoke0(Native Method)
	at sun.reflect.NativeMethodAccessorImpl.invoke(NativeMethodAccessorImpl.java:62)
	at sun.reflect.DelegatingMethodAccessorImpl.invoke(DelegatingMethodAccessorImpl.java:43)
	at java.lang.reflect.Method.invoke(Method.java:498)
	at org.testng.internal.MethodInvocationHelper.invokeMethod(MethodInvocationHelper.java:84)
	at org.testng.internal.Invoker.invokeConfigurationMethod(Invoker.java:564)
	at org.testng.internal.Invoker.invokeConfigurations(Invoker.java:213)
	at org.testng.internal.Invoker.invokeMethod(Invoker.java:786)
	at org.testng.internal.Invoker.invokeTestMethod(Invoker.java:901)
	at org.testng.internal.Invoker.invokeTestMethods(Invoker.java:1231)
	at org.testng.internal.TestMethodWorker.invokeTestMethods(TestMethodWorker.java:127)
	at org.testng.internal.TestMethodWorker.run(TestMethodWorker.java:111)
	at org.testng.TestRunner.privateRun(TestRunner.java:767)
	at org.testng.TestRunner.run(TestRunner.java:617)
	at org.testng.SuiteRunner.runTest(SuiteRunner.java:334)
	at org.testng.SuiteRunner.runSequentially(SuiteRunner.java:329)
	at org.testng.SuiteRunner.privateRun(SuiteRunner.java:291)
	at org.testng.SuiteRunner.run(SuiteRunner.java:240)
	at org.testng.SuiteRunnerWorker.runSuite(SuiteRunnerWorker.java:52)
	at org.testng.SuiteRunnerWorker.run(SuiteRunnerWorker.java:86)
	at org.testng.TestNG.runSuitesSequentially(TestNG.java:1224)
	at org.testng.TestNG.runSuitesLocally(TestNG.java:1149)
	at org.testng.TestNG.run(TestNG.java:1057)
	at org.testng.TestNG.privateMain(TestNG.java:1364)
	at org.testng.TestNG.main(TestNG.java:1333)
Caused by: java.lang.RuntimeException: Process refused to die after 10 seconds, and couldn't taskkill it: Unable to find executable for: taskkill
	at org.openqa.selenium.os.ProcessUtils.killWinProcess(ProcessUtils.java:133)
	at org.openqa.selenium.os.ProcessUtils.killProcess(ProcessUtils.java:81)
	at org.openqa.selenium.os.UnixProcess$SeleniumWatchDog.destroyHarder(UnixProcess.java:254)
	at org.openqa.selenium.os.UnixProcess$SeleniumWatchDog.access$200(UnixProcess.java:208)
	at org.openqa.selenium.os.UnixProcess.destroy(UnixProcess.java:125)
	at org.openqa.selenium.os.CommandLine.destroy(CommandLine.java:155)
	at org.openqa.selenium.remote.service.DriverService.stop(DriverService.java:196)
	at org.openqa.selenium.remote.service.DriverCommandExecutor.execute(DriverCommandExecutor.java:94)
	at org.openqa.selenium.remote.RemoteWebDriver.execute(RemoteWebDriver.java:601)
	... 28 more
Caused by: java.lang.NullPointerException: Unable to find executable for: taskkill
	at com.google.common.base.Preconditions.checkNotNull(Preconditions.java:251)
	at org.openqa.selenium.os.UnixProcess.<init>(UnixProcess.java:62)
	at org.openqa.selenium.os.CommandLine.<init>(CommandLine.java:38)
	at org.openqa.selenium.os.WindowsUtils.killPID(WindowsUtils.java:178)
	at org.openqa.selenium.os.ProcessUtils.killWinProcess(ProcessUtils.java:128)
	... 36 more
]]>
            </full-stacktrace>
          </exception> <!-- org.openqa.selenium.remote.UnreachableBrowserException -->
          <reporter-output>
          </reporter-output>
        </test-method> <!-- CloseBrowser -->
        <test-method status="SKIP" signature="LaunchBrowserwithURL()[pri:0, instance:testScripts.DBATestScript@ea4a92b]" name="LaunchBrowserwithURL" is-config="true" duration-ms="0" started-at="2017-02-02T19:22:45Z" finished-at="2017-02-02T19:22:45Z">
          <reporter-output>
          </reporter-output>
        </test-method> <!-- LaunchBrowserwithURL -->
        <test-method status="SKIP" signature="DBACreate_TestIDNow()[pri:0, instance:testScripts.DBATestScript@ea4a92b]" name="DBACreate_TestIDNow" duration-ms="18" started-at="2017-02-02T19:22:45Z" finished-at="2017-02-02T19:22:45Z">
          <reporter-output>
          </reporter-output>
        </test-method> <!-- DBACreate_TestIDNow -->
        <test-method status="SKIP" signature="CloseBrowser()[pri:0, instance:testScripts.DBATestScript@ea4a92b]" name="CloseBrowser" is-config="true" duration-ms="0" started-at="2017-02-02T19:22:45Z" finished-at="2017-02-02T19:22:45Z">
          <reporter-output>
          </reporter-output>
        </test-method> <!-- CloseBrowser -->
      </class> <!-- testScripts.DBATestScript -->
      <class name="testScripts.WebActivityTestScript">
        <test-method status="SKIP" signature="LaunchBrowserwithURL()[pri:0, instance:testScripts.WebActivityTestScript@6debcae2]" name="LaunchBrowserwithURL" is-config="true" duration-ms="0" started-at="2017-02-02T19:22:45Z" finished-at="2017-02-02T19:22:45Z">
          <reporter-output>
          </reporter-output>
        </test-method> <!-- LaunchBrowserwithURL -->
        <test-method status="SKIP" signature="WebActivityCreateNew_Fail()[pri:0, instance:testScripts.WebActivityTestScript@6debcae2]" name="WebActivityCreateNew_Fail" duration-ms="1" started-at="2017-02-02T19:22:45Z" finished-at="2017-02-02T19:22:45Z">
          <reporter-output>
          </reporter-output>
        </test-method> <!-- WebActivityCreateNew_Fail -->
        <test-method status="SKIP" signature="LaunchBrowserwithURL()[pri:0, instance:testScripts.WebActivityTestScript@6debcae2]" name="LaunchBrowserwithURL" is-config="true" duration-ms="0" started-at="2017-02-02T19:22:45Z" finished-at="2017-02-02T19:22:45Z">
          <reporter-output>
          </reporter-output>
        </test-method> <!-- LaunchBrowserwithURL -->
        <test-method status="SKIP" signature="CloseBrowser()[pri:0, instance:testScripts.WebActivityTestScript@6debcae2]" name="CloseBrowser" is-config="true" duration-ms="0" started-at="2017-02-02T19:22:45Z" finished-at="2017-02-02T19:22:45Z">
          <reporter-output>
          </reporter-output>
        </test-method> <!-- CloseBrowser -->
        <test-method status="SKIP" signature="WebActivityCreateNew_Pass()[pri:0, instance:testScripts.WebActivityTestScript@6debcae2]" name="WebActivityCreateNew_Pass" duration-ms="17" started-at="2017-02-02T19:22:45Z" finished-at="2017-02-02T19:22:45Z">
          <reporter-output>
          </reporter-output>
        </test-method> <!-- WebActivityCreateNew_Pass -->
        <test-method status="SKIP" signature="CloseBrowser()[pri:0, instance:testScripts.WebActivityTestScript@6debcae2]" name="CloseBrowser" is-config="true" duration-ms="0" started-at="2017-02-02T19:22:45Z" finished-at="2017-02-02T19:22:45Z">
          <reporter-output>
          </reporter-output>
        </test-method> <!-- CloseBrowser -->
      </class> <!-- testScripts.WebActivityTestScript -->
    </test> <!-- Test -->
  </suite> <!-- Suite -->
</testng-results>
