<?xml version="1.0" encoding="UTF-8"?>
<testng-results skipped="0" failed="0" ignored="0" total="2" passed="2">
  <reporter-output>
  </reporter-output>
  <suite name="Default suite" duration-ms="30834" started-at="2017-02-09T14:02:38Z" finished-at="2017-02-09T14:03:08Z">
    <groups>
    </groups>
    <test name="Default test" duration-ms="30834" started-at="2017-02-09T14:02:38Z" finished-at="2017-02-09T14:03:08Z">
      <class name="testScripts.GeneralTestCase">
        <test-method status="PASS" signature="LaunchBrowserwithURL()[pri:0, instance:testScripts.GeneralTestCase@3fee9989]" name="LaunchBrowserwithURL" is-config="true" duration-ms="14773" started-at="2017-02-09T19:32:38Z" finished-at="2017-02-09T19:32:52Z">
          <reporter-output>
          </reporter-output>
        </test-method> <!-- LaunchBrowserwithURL -->
        <test-method status="PASS" signature="LoginwithInValidCredentialsEmail()[pri:0, instance:testScripts.GeneralTestCase@3fee9989]" name="LoginwithInValidCredentialsEmail" duration-ms="1158" started-at="2017-02-09T19:32:52Z" finished-at="2017-02-09T19:32:53Z">
          <reporter-output>
          </reporter-output>
        </test-method> <!-- LoginwithInValidCredentialsEmail -->
        <test-method status="PASS" signature="CloseBrowser()[pri:0, instance:testScripts.GeneralTestCase@3fee9989]" name="CloseBrowser" is-config="true" duration-ms="1125" started-at="2017-02-09T19:32:53Z" finished-at="2017-02-09T19:32:55Z">
          <reporter-output>
          </reporter-output>
        </test-method> <!-- CloseBrowser -->
        <test-method status="PASS" signature="LaunchBrowserwithURL()[pri:0, instance:testScripts.GeneralTestCase@3fee9989]" name="LaunchBrowserwithURL" is-config="true" duration-ms="12284" started-at="2017-02-09T19:32:55Z" finished-at="2017-02-09T19:33:07Z">
          <reporter-output>
          </reporter-output>
        </test-method> <!-- LaunchBrowserwithURL -->
        <test-method status="PASS" signature="LoginwithInValidCredentialsPassword()[pri:0, instance:testScripts.GeneralTestCase@3fee9989]" name="LoginwithInValidCredentialsPassword" duration-ms="941" started-at="2017-02-09T19:33:07Z" finished-at="2017-02-09T19:33:08Z">
          <reporter-output>
          </reporter-output>
        </test-method> <!-- LoginwithInValidCredentialsPassword -->
        <test-method status="PASS" signature="CloseBrowser()[pri:0, instance:testScripts.GeneralTestCase@3fee9989]" name="CloseBrowser" is-config="true" duration-ms="533" started-at="2017-02-09T19:33:08Z" finished-at="2017-02-09T19:33:08Z">
          <reporter-output>
          </reporter-output>
        </test-method> <!-- CloseBrowser -->
      </class> <!-- testScripts.GeneralTestCase -->
    </test> <!-- Default test -->
  </suite> <!-- Default suite -->
</testng-results>
