<?xml version="1.0" encoding="UTF-8"?>
<testng-results skipped="0" failed="0" ignored="0" total="1" passed="1">
  <reporter-output>
  </reporter-output>
  <suite name="Default suite" duration-ms="77803" started-at="2017-02-14T08:39:34Z" finished-at="2017-02-14T08:40:52Z">
    <groups>
    </groups>
    <test name="Default test" duration-ms="77803" started-at="2017-02-14T08:39:34Z" finished-at="2017-02-14T08:40:52Z">
      <class name="testScripts.GroupTestScript">
        <test-method status="PASS" signature="LaunchBrowserwithURL()[pri:0, instance:testScripts.GroupTestScript@5b87ed94]" name="LaunchBrowserwithURL" is-config="true" duration-ms="7697" started-at="2017-02-14T14:09:34Z" finished-at="2017-02-14T14:09:42Z">
          <reporter-output>
          </reporter-output>
        </test-method> <!-- LaunchBrowserwithURL -->
        <test-method status="PASS" signature="GroupCreateNew_Pass()[pri:0, instance:testScripts.GroupTestScript@5b87ed94]" name="GroupCreateNew_Pass" duration-ms="68985" started-at="2017-02-14T14:09:42Z" finished-at="2017-02-14T14:10:51Z">
          <reporter-output>
          </reporter-output>
        </test-method> <!-- GroupCreateNew_Pass -->
        <test-method status="PASS" signature="CloseBrowser()[pri:0, instance:testScripts.GroupTestScript@5b87ed94]" name="CloseBrowser" is-config="true" duration-ms="1106" started-at="2017-02-14T14:10:51Z" finished-at="2017-02-14T14:10:52Z">
          <reporter-output>
          </reporter-output>
        </test-method> <!-- CloseBrowser -->
      </class> <!-- testScripts.GroupTestScript -->
    </test> <!-- Default test -->
  </suite> <!-- Default suite -->
</testng-results>
