<?xml version="1.0" encoding="UTF-8"?>
<!-- Generated by org.testng.reporters.JUnitXMLReporter -->
<testsuite hostname="TRICONNODE109" name="Test" tests="4" failures="0" timestamp="2 Feb 2017 13:52:45 GMT" time="478.813" errors="0">
  <testcase name="@AfterMethod CloseBrowser" time="0.0" classname="testScripts.DBATestScript">
    <failure type="org.openqa.selenium.remote.UnreachableBrowserException" message="Error communicating with the remote browser. It may have died.
Build info: version: &amp;apos;unknown&amp;apos;, revision: &amp;apos;1969d75&amp;apos;, time: &amp;apos;2016-10-18 09:43:45 -0700&amp;apos;
System info: host: &amp;apos;TRICONNODE109&amp;apos;, ip: &amp;apos;192.168.1.54&amp;apos;, os.name: &amp;apos;Windows 7&amp;apos;, os.arch: &amp;apos;amd64&amp;apos;, os.version: &amp;apos;6.1&amp;apos;, java.version: &amp;apos;1.8.0_91&amp;apos;
Driver info: driver.version: RemoteWebDriver
Capabilities [{applicationCacheEnabled=false, rotatable=false, mobileEmulationEnabled=false, networkConnectionEnabled=false, chrome={chromedriverVersion=2.27.440174 (e97a722caafc2d3a8b807ee115bfb307f7d2cfd9), userDataDir=C:\Windows\TEMP\scoped_dir10068_8013}, takesHeapSnapshot=true, pageLoadStrategy=normal, databaseEnabled=false, handlesAlerts=true, hasTouchScreen=false, version=55.0.2883.87, platform=XP, browserConnectionEnabled=false, nativeEvents=true, acceptSslCerts=true, locationContextEnabled=true, webStorageEnabled=true, browserName=chrome, takesScreenshot=true, javascriptEnabled=true, cssSelectorsEnabled=true, unexpectedAlertBehaviour=}]
Session ID: e28a3d1730472e91921f4f3a502a549c">
      <![CDATA[org.openqa.selenium.remote.UnreachableBrowserException: Error communicating with the remote browser. It may have died.
Build info: version: 'unknown', revision: '1969d75', time: '2016-10-18 09:43:45 -0700'
System info: host: 'TRICONNODE109', ip: '192.168.1.54', os.name: 'Windows 7', os.arch: 'amd64', os.version: '6.1', java.version: '1.8.0_91'
Driver info: driver.version: RemoteWebDriver
Capabilities [{applicationCacheEnabled=false, rotatable=false, mobileEmulationEnabled=false, networkConnectionEnabled=false, chrome={chromedriverVersion=2.27.440174 (e97a722caafc2d3a8b807ee115bfb307f7d2cfd9), userDataDir=C:\Windows\TEMP\scoped_dir10068_8013}, takesHeapSnapshot=true, pageLoadStrategy=normal, databaseEnabled=false, handlesAlerts=true, hasTouchScreen=false, version=55.0.2883.87, platform=XP, browserConnectionEnabled=false, nativeEvents=true, acceptSslCerts=true, locationContextEnabled=true, webStorageEnabled=true, browserName=chrome, takesScreenshot=true, javascriptEnabled=true, cssSelectorsEnabled=true, unexpectedAlertBehaviour=}]
Session ID: e28a3d1730472e91921f4f3a502a549c
	at org.openqa.selenium.remote.RemoteWebDriver.execute(RemoteWebDriver.java:622)
	at org.openqa.selenium.remote.RemoteWebDriver.execute(RemoteWebDriver.java:658)
	at org.openqa.selenium.remote.RemoteWebDriver.quit(RemoteWebDriver.java:497)
	at base.ConnectBaseSetup.CloseBrowser(ConnectBaseSetup.java:114)
Caused by: java.lang.RuntimeException: Process refused to die after 10 seconds, and couldn't taskkill it: Unable to find executable for: taskkill
	at org.openqa.selenium.os.ProcessUtils.killWinProcess(ProcessUtils.java:133)
	at org.openqa.selenium.os.ProcessUtils.killProcess(ProcessUtils.java:81)
	at org.openqa.selenium.os.UnixProcess$SeleniumWatchDog.destroyHarder(UnixProcess.java:254)
	at org.openqa.selenium.os.UnixProcess$SeleniumWatchDog.access$200(UnixProcess.java:208)
	at org.openqa.selenium.os.UnixProcess.destroy(UnixProcess.java:125)
	at org.openqa.selenium.os.CommandLine.destroy(CommandLine.java:155)
	at org.openqa.selenium.remote.service.DriverService.stop(DriverService.java:196)
	at org.openqa.selenium.remote.service.DriverCommandExecutor.execute(DriverCommandExecutor.java:94)
	at org.openqa.selenium.remote.RemoteWebDriver.execute(RemoteWebDriver.java:601)
	... 28 more
Caused by: java.lang.NullPointerException: Unable to find executable for: taskkill
	at com.google.common.base.Preconditions.checkNotNull(Preconditions.java:251)
	at org.openqa.selenium.os.UnixProcess.<init>(UnixProcess.java:62)
	at org.openqa.selenium.os.CommandLine.<init>(CommandLine.java:38)
	at org.openqa.selenium.os.WindowsUtils.killPID(WindowsUtils.java:178)
	at org.openqa.selenium.os.ProcessUtils.killWinProcess(ProcessUtils.java:128)
	... 36 more
... Removed 25 stack frames]]>
    </failure>
  </testcase> <!-- @AfterMethod CloseBrowser -->
  <testcase name="@BeforeMethod LaunchBrowserwithURL" time="0.0" classname="testScripts.DBATestScript">
    <skipped/>
  </testcase> <!-- @BeforeMethod LaunchBrowserwithURL -->
  <testcase name="@AfterMethod CloseBrowser" time="0.0" classname="testScripts.DBATestScript">
    <skipped/>
  </testcase> <!-- @AfterMethod CloseBrowser -->
  <testcase name="@BeforeMethod LaunchBrowserwithURL" time="0.0" classname="testScripts.WebActivityTestScript">
    <skipped/>
  </testcase> <!-- @BeforeMethod LaunchBrowserwithURL -->
  <testcase name="@AfterMethod CloseBrowser" time="0.0" classname="testScripts.WebActivityTestScript">
    <skipped/>
  </testcase> <!-- @AfterMethod CloseBrowser -->
  <testcase name="@BeforeMethod LaunchBrowserwithURL" time="0.0" classname="testScripts.WebActivityTestScript">
    <skipped/>
  </testcase> <!-- @BeforeMethod LaunchBrowserwithURL -->
  <testcase name="@AfterMethod CloseBrowser" time="0.0" classname="testScripts.WebActivityTestScript">
    <skipped/>
  </testcase> <!-- @AfterMethod CloseBrowser -->
  <testcase name="DBACreate_TestIDLater" time="193.22" classname="testScripts.DBATestScript"/>
  <testcase name="DBACreate_TestIDNow" time="0.018" classname="testScripts.DBATestScript">
    <skipped/>
  </testcase> <!-- DBACreate_TestIDNow -->
  <testcase name="WebActivityCreateNew_Fail" time="0.001" classname="testScripts.WebActivityTestScript">
    <skipped/>
  </testcase> <!-- WebActivityCreateNew_Fail -->
  <testcase name="WebActivityCreateNew_Pass" time="0.017" classname="testScripts.WebActivityTestScript">
    <skipped/>
  </testcase> <!-- WebActivityCreateNew_Pass -->
</testsuite> <!-- Test -->
