<?xml version="1.0" encoding="UTF-8"?>
<!-- Generated by org.testng.reporters.JUnitXMLReporter -->
<testsuite hostname="TRICONNODE109" ignored="0" name="Default test" tests="2" failures="0" timestamp="09 Feb 2017 14:03:08 GMT" time="30.834" errors="0">
  <testcase name="LoginwithInValidCredentialsEmail" time="1.158" classname="testScripts.GeneralTestCase"/>
  <testcase name="LoginwithInValidCredentialsPassword" time="0.941" classname="testScripts.GeneralTestCase"/>
</testsuite> <!-- Default test -->
